/*C20*/SET SCHEMA PUBLIC
DELETE FROM ALIYUN_ACCOUNT WHERE ID=3
INSERT INTO ALIYUN_ACCOUNT VALUES(3,'{"scope":"/acs/ccc openid","request_id":"dc096e51-78bd-4600-8fce-ec1c765e0a8c","access_token":"eyJhbGciOiJSUzI1NiIsImsyaWQiOiJlNE92NnVOUDhsMEY2RmVUMVhvek5wb1NBcVZLblNGRyIsImtpZCI6IkpDOXd4enJocUowZ3RhQ0V0MlFMVWZldkVVSXdsdEZodWk0TzFiaDY3dFUifQ.d3gxYzkzRHA5anJoSjBVazF2WXI1V1dzNW45cFBOSWdNellzQ3VlWmZTMytWc0loMFJqYTVULzl3RDdkbzhHQkorMzBwTEh4R3ZCSDdtblVleWZPVWdsclBuV1NYanBuK2N6UkN1SnRRc3FRMGJIVTF4cVVjUDVRNUJpK2JsSWxZdlowZ2VWSzYvS2pzcVNjWHJLSlVvWkNnWE0wWGJZZ0NCVm5BQkdTSzVhWXQ4dnAvUmwwV01tSFFkWm1OMFlOWHB4TFpmMm82UThienpHVTdUY1BnYlhIVy9uTWdiSVVWNnlaOGlrPQ.TSpUA0Vmf2zvwQbgzVO_iMsQebqArpI9BFu1l60JoAaRV7wbS_HwiMe9tnb7vuDUznP1sYBcFglHHtKkrMeVLCd0j0LAXNlTZwC3CWBwgIWuDrRrKNG8dE4vTBqxAQlwI4j2NolLUhCTOnB-ItGR70aUOadp9ACYEh2e9Vb6tjhjX_AWXFpuGgiNqZhocoUrViISSK7jw07tU-6pwmXKywE7mOFLg1ylMy7Cbpl4kEVrj7t-qPhSQjuLsJEeOBeI2NyHHBd011mNr8jh7wSLh4NTZ5M1qmX7fErFcY-C80tjoaBVSh5CF-SNbpgRaUO6aaTEuCOjf2UuzJvQrdc7tw","token_type":"Bearer","refresh_token":"evDVwmaMa8IE7pRT","id_token":"eyJraWQiOiJKQzl3eHpyaHFKMGd0YUNFdDJRTFVmZXZFVUl3bHRGaHVpNE8xYmg2N3RVIiwiYWxnIjoiUlMyNTYifQ.eyJhdWQiOiI0NjIwMDU5ODUyMDE0MjM3OTkwIiwic3ViIjoidWRjZ3Qzbk80VzdwdlNWWlZMYjR0Zz09IiwiaXNzIjoiaHR0cHM6XC9cL29hdXRoLmFsaXl1bi5jb20iLCJleHAiOjE1NTIwMzUyODAsImlhdCI6MTU1MjAzMTY4MH0.lkMaQLhPl-1hRF7qd1Dtp5VvPYfsWUe2X7mmx265GtUumZWwXQRIaI4juPEEFJBpP1Mn3DLhYlST9Pk9ffvS7VXNbHAS_yxUkp9ZMBwBgg042EQQcWMy85CivHVHzLAeacJ2IcDHkwzwwHndKXTlupFLePD3ky9OBk0DIa9Qo7RUg3IYWC4tdUZwxhV3fCit2RELwOHecpufaF6U1lez6Bih9S6HOYe8WStRv9Ny2bIwHitRBaSlgH_NwMaF1bKlPoZIPn7H2wFgv71VEKStE5nF7YRlvbKyyxG8B19u1J-BCrvCIqJFlIdFbW35XVMlwexnO8FUnmhF-syeOL-jQg","additional_information":{"refresh_token_id":773453},"expires_in":"3599"}','2019-03-08 11:15:39.285000','2019-03-08 15:54:40.875000',1)
COMMIT
DELETE FROM ALIYUN_ACCOUNT WHERE ID=3
COMMIT
/*C19*/SET SCHEMA PUBLIC
INSERT INTO ALIYUN_ACCOUNT VALUES(4,'{"scope":"/acs/ccc openid","request_id":"594ee565-dd5f-428c-9b25-897d897db966","access_token":"eyJhbGciOiJSUzI1NiIsImsyaWQiOiJlNE92NnVOUDhsMEY2RmVUMVhvek5wb1NBcVZLblNGRyIsImtpZCI6IkpDOXd4enJocUowZ3RhQ0V0MlFMVWZldkVVSXdsdEZodWk0TzFiaDY3dFUifQ.d29sNHkzSEwyTG9jR2pTT2F0cGFQV1dzNW45cFBOSWdNellzQ3VlWmZTMytWc0loMFJqYTVULzl3RDdkbzhHQkorMzBwTEh4R3ZCSDdtblVleWZPVWdsclBuV1NYanBuK2N6UkN1SnRRc3FRMGJIVTF4cVVjUDVRNUJpK2JsSWxZdlowZ2VWSzYvS2pzcVNjWHJLSlVvWkNnWE0wWGJZZ0NCVm5BQkdTSzVlUnRzdnAvUmwwV01tSFFkWm1OMFlOWHB4TFpmMm82UThienpHVTdUY1BnYlhIVy9uTWdiSVVWNjJROHlrPQ.B1e1aPIfBJ588uqPq3DhNvOWTr90zbsLAfUDvtes8mokRhgszwLyM8dVTW8_TmfAjhYNWIzBEZYn3C7b2wdaswKsH5NxtNdgt9XI7xVQOsT3-86Xcq1hcEOrK2q50R70ni3ZxLFisNhMih2tPPXESwVoyxxVEprs_Nkm_tTiuSKAlN-I90WkGksbNqR_3UuuOrxAALDJMYWQtECjjQOwp3XsOSdu2Hii6AHYGDFrjNUipyHTg-5K9F3aVJfZtIIryo917ZX_Q3121a46bWA_XOo3SuytcxbELZJBz81fvnnzUDDmrSNomBUNWRv2CbRB5JADxSpJZJdw34kSq6eonA","token_type":"Bearer","refresh_token":"sAH68sfsT8K0OZMI","id_token":"eyJraWQiOiJKQzl3eHpyaHFKMGd0YUNFdDJRTFVmZXZFVUl3bHRGaHVpNE8xYmg2N3RVIiwiYWxnIjoiUlMyNTYifQ.eyJhdWQiOiI0NjIwMDU5ODUyMDE0MjM3OTkwIiwic3ViIjoidWRjZ3Qzbk80VzdwdlNWWlZMYjR0Zz09IiwiaXNzIjoiaHR0cHM6XC9cL29hdXRoLmFsaXl1bi5jb20iLCJleHAiOjE1NTIwMzUzMTEsImlhdCI6MTU1MjAzMTcxMX0.SoQsSn-pX6aid8uIIQ91A82YOH976HKeMLv_Zdjjhf_n2Q46NwrWMLvPgLOF5-d5yZEn_F7yXPpkP4Z-eRcASCRtSt0GjTo2ENfs3JhaX7GYNNtBZ7V9r54aJ3YU1m0LmysbAOl1FQlpgNeK9ImWjYetFY67eUwEWEaOC6VotgWNmYNS9AlHK8EDNjH2b5ELndrksLlIWrgT7phEbV_bxlfxfu-H-8d9HYVLExjiAXv81GpCzYzbm4WoVIjroyU134EpZObba50llTWAzVe502uxT96HJe-xto9NfsKJTkCWCW4JpwvEjbpIGgyDfs2kH8FKyVXDebf7ZalGGa_ruw","additional_information":{"refresh_token_id":773456},"expires_in":"3599"}','2019-03-08 15:55:11.386000','2019-03-08 15:55:11.386000',1)
COMMIT
/*C20*/DISCONNECT
/*C19*/DISCONNECT
/*C21*/SET SCHEMA PUBLIC
DISCONNECT
/*C18*/SET SCHEMA PUBLIC
DISCONNECT
/*C17*/SET SCHEMA PUBLIC
DISCONNECT
/*C16*/SET SCHEMA PUBLIC
DISCONNECT
/*C15*/SET SCHEMA PUBLIC
DISCONNECT
/*C14*/SET SCHEMA PUBLIC
DISCONNECT
/*C13*/SET SCHEMA PUBLIC
DISCONNECT
/*C12*/SET SCHEMA PUBLIC
DISCONNECT
